[0607/140156.459:ERROR:gpu_process_transport_factory.cc(1007)] Lost UI shared context.
[0607/140200.058:INFO:CONSOLE(0)] "The SSL certificate used to load resources from https://c.salesforce.com will be distrusted in the future. Once distrusted, users will be prevented from loading these resources. See https://g.co/chrome/symantecpkicerts for more information.", source: https://curious-goat-340090-dev-ed.my.salesforce.com/s.gif (0)
[0607/140200.061:INFO:CONSOLE(0)] "The SSL certificate used to load resources from https://c.salesforce.com will be distrusted in the future. Once distrusted, users will be prevented from loading these resources. See https://g.co/chrome/symantecpkicerts for more information.", source: https://c.salesforce.com/login-messages/promos.html (0)
[0607/140200.537:WARNING:spdy_session.cc(2991)] Received HEADERS for invalid stream 1
[0607/140200.667:WARNING:spdy_session.cc(2991)] Received HEADERS for invalid stream 3
[0607/140200.667:WARNING:spdy_session.cc(2991)] Received HEADERS for invalid stream 5
[0607/140206.611:INFO:CONSOLE(0)] "The SSL certificate used to load resources from https://success.salesforce.com will be distrusted in the future. Once distrusted, users will be prevented from loading these resources. See https://g.co/chrome/symantecpkicerts for more information.", source: https://curious-goat-340090-dev-ed.my.salesforce.com/setup/forcecomHomepage.apexp?setupid=ForceCom (0)
[0607/140206.614:INFO:CONSOLE(0)] "The SSL certificate used to load resources from https://success.salesforce.com will be distrusted in the future. Once distrusted, users will be prevented from loading these resources. See https://g.co/chrome/symantecpkicerts for more information.", source: https://success.salesforce.com/communitySetupModule (0)
[0607/140206.617:INFO:CONSOLE(0)] "The SSL certificate used to load resources from https://appexchange.salesforce.com will be distrusted in the future. Once distrusted, users will be prevented from loading these resources. See https://g.co/chrome/symantecpkicerts for more information.", source: https://curious-goat-340090-dev-ed.my.salesforce.com/setup/forcecomHomepage.apexp?setupid=ForceCom (0)
[0607/140206.621:INFO:CONSOLE(0)] "The SSL certificate used to load resources from https://appexchange.salesforce.com will be distrusted in the future. Once distrusted, users will be prevented from loading these resources. See https://g.co/chrome/symantecpkicerts for more information.", source: https://appexchange.salesforce.com/setupModule (0)
[0607/140208.192:INFO:CONSOLE(0)] "The SSL certificate used to load resources from https://help.salesforce.com will be distrusted in the future. Once distrusted, users will be prevented from loading these resources. See https://g.co/chrome/symantecpkicerts for more information.", source: about:blank (0)
[0607/140208.195:INFO:CONSOLE(0)] "The SSL certificate used to load resources from https://help.salesforce.com will be distrusted in the future. Once distrusted, users will be prevented from loading these resources. See https://g.co/chrome/symantecpkicerts for more information.", source: https://help.salesforce.com/setSFXCookie?value=aloha (0)
[0607/140210.351:INFO:CONSOLE(2)] "<one-tmp-primitive-icon> Icon category "utility" does not map to a known icon asset. Make sure you are using a valid icon name.", source: https://curious-goat-340090-dev-ed.lightning.force.com/components/one-tmp-primitive-icon.js (2)
[0607/140210.353:INFO:CONSOLE(2)] "<one-tmp-primitive-icon> Icon category "utility" does not map to a known icon asset. Make sure you are using a valid icon name.", source: https://curious-goat-340090-dev-ed.lightning.force.com/components/one-tmp-primitive-icon.js (2)
[0607/140210.355:INFO:CONSOLE(2)] "<one-tmp-primitive-icon> Icon category "utility" does not map to a known icon asset. Make sure you are using a valid icon name.", source: https://curious-goat-340090-dev-ed.lightning.force.com/components/one-tmp-primitive-icon.js (2)
[0607/140210.356:INFO:CONSOLE(2)] "<one-tmp-primitive-icon> Icon category "utility" does not map to a known icon asset. Make sure you are using a valid icon name.", source: https://curious-goat-340090-dev-ed.lightning.force.com/components/one-tmp-primitive-icon.js (2)
[0607/140210.358:INFO:CONSOLE(2)] "<one-tmp-primitive-icon> Icon category "utility" does not map to a known icon asset. Make sure you are using a valid icon name.", source: https://curious-goat-340090-dev-ed.lightning.force.com/components/one-tmp-primitive-icon.js (2)
[0607/140210.359:INFO:CONSOLE(2)] "<one-tmp-primitive-icon> Icon category "utility" does not map to a known icon asset. Make sure you are using a valid icon name.", source: https://curious-goat-340090-dev-ed.lightning.force.com/components/one-tmp-primitive-icon.js (2)
[0607/140210.360:INFO:CONSOLE(2)] "<one-tmp-primitive-icon> Icon category "utility" does not map to a known icon asset. Make sure you are using a valid icon name.", source: https://curious-goat-340090-dev-ed.lightning.force.com/components/one-tmp-primitive-icon.js (2)
[0607/140210.362:INFO:CONSOLE(2)] "<one-tmp-primitive-icon> Icon category "utility" does not map to a known icon asset. Make sure you are using a valid icon name.", source: https://curious-goat-340090-dev-ed.lightning.force.com/components/one-tmp-primitive-icon.js (2)
[0607/140210.363:INFO:CONSOLE(2)] "<one-tmp-primitive-icon> Icon category "utility" does not map to a known icon asset. Make sure you are using a valid icon name.", source: https://curious-goat-340090-dev-ed.lightning.force.com/components/one-tmp-primitive-icon.js (2)
[0607/140210.364:INFO:CONSOLE(2)] "<one-tmp-primitive-icon> Icon category "utility" does not map to a known icon asset. Make sure you are using a valid icon name.", source: https://curious-goat-340090-dev-ed.lightning.force.com/components/one-tmp-primitive-icon.js (2)
[0607/140210.366:INFO:CONSOLE(2)] "<one-tmp-primitive-icon> Icon category "utility" does not map to a known icon asset. Make sure you are using a valid icon name.", source: https://curious-goat-340090-dev-ed.lightning.force.com/components/one-tmp-primitive-icon.js (2)
[0607/140210.367:INFO:CONSOLE(2)] "<one-tmp-primitive-icon> Icon category "utility" does not map to a known icon asset. Make sure you are using a valid icon name.", source: https://curious-goat-340090-dev-ed.lightning.force.com/components/one-tmp-primitive-icon.js (2)
[0607/140210.369:INFO:CONSOLE(2)] "<one-tmp-primitive-icon> Icon category "utility" does not map to a known icon asset. Make sure you are using a valid icon name.", source: https://curious-goat-340090-dev-ed.lightning.force.com/components/one-tmp-primitive-icon.js (2)
[0607/140210.370:INFO:CONSOLE(2)] "<one-tmp-primitive-icon> Icon category "utility" does not map to a known icon asset. Make sure you are using a valid icon name.", source: https://curious-goat-340090-dev-ed.lightning.force.com/components/one-tmp-primitive-icon.js (2)
[0607/140210.371:INFO:CONSOLE(2)] "<one-tmp-primitive-icon> Icon category "utility" does not map to a known icon asset. Make sure you are using a valid icon name.", source: https://curious-goat-340090-dev-ed.lightning.force.com/components/one-tmp-primitive-icon.js (2)
[0607/140210.372:INFO:CONSOLE(2)] "<one-tmp-primitive-icon> Icon category "utility" does not map to a known icon asset. Make sure you are using a valid icon name.", source: https://curious-goat-340090-dev-ed.lightning.force.com/components/one-tmp-primitive-icon.js (2)
[0607/140211.641:INFO:CONSOLE(16)] "[object Object]", source: https://curious-goat-340090-dev-ed.lightning.force.com/libraries/instrumentation/beaconLib/BeaconLibrary.js (16)
[0607/140214.513:INFO:CONSOLE(16)] "[object Object]", source: https://curious-goat-340090-dev-ed.lightning.force.com/libraries/instrumentation/beaconLib/BeaconLibrary.js (16)
[0607/140219.232:ERROR:web_contents_delegate.cc(179)] WebContentsDelegate::CheckMediaAccessPermission: Not supported.
[0607/140219.232:ERROR:web_contents_delegate.cc(179)] WebContentsDelegate::CheckMediaAccessPermission: Not supported.
[0607/140452.104:INFO:CONSOLE(16)] "[object Object]", source: https://curious-goat-340090-dev-ed.lightning.force.com/libraries/instrumentation/beaconLib/BeaconLibrary.js (16)
