[0608/152738.534:ERROR:process_reader_win.cc(242)] ReadMemory at 0x5232358 of 44 bytes failed: Only part of a ReadProcessMemory or WriteProcessMemory request was completed. (0x12B)
[0608/152738.539:WARNING:pe_image_annotations_reader.cc(133)] could not read annotations list object in C:\Users\sylvain.tropee\eclipse-workspace\NRT_Starter_Pack\resources\GoogleChromePortable\App\Chrome-bin\66.0.3359.181\chrome_elf.dll
[0608/152738.541:ERROR:process_reader_win.cc(242)] ReadMemory at 0x56676a0 of 44 bytes failed: Only part of a ReadProcessMemory or WriteProcessMemory request was completed. (0x12B)
[0608/152738.541:WARNING:pe_image_annotations_reader.cc(133)] could not read annotations list object in C:\Users\sylvain.tropee\eclipse-workspace\NRT_Starter_Pack\resources\GoogleChromePortable\App\Chrome-bin\66.0.3359.181\chrome_child.dll
[0608/152738.652:ERROR:process_reader_win.cc(242)] ReadMemory at 0x8f0000 of 64 bytes failed: Only part of a ReadProcessMemory or WriteProcessMemory request was completed. (0x12B)
[0608/152738.652:WARNING:pe_image_reader.cc(302)] could not read dos header from C:\Users\sylvain.tropee\eclipse-workspace\NRT_Starter_Pack\resources\GoogleChromePortable\App\Chrome-bin\chrome.exe
[0608/152738.652:ERROR:process_reader_win.cc(242)] ReadMemory at 0x772e0000 of 64 bytes failed: Only part of a ReadProcessMemory or WriteProcessMemory request was completed. (0x12B)
[0608/152738.652:WARNING:pe_image_reader.cc(302)] could not read dos header from C:\windows\SYSTEM32\ntdll.dll
[0608/152738.652:ERROR:process_reader_win.cc(242)] ReadMemory at 0x75990000 of 64 bytes failed: Only part of a ReadProcessMemory or WriteProcessMemory request was completed. (0x12B)
[0608/152738.652:WARNING:pe_image_reader.cc(302)] could not read dos header from C:\windows\System32\KERNEL32.DLL
[0608/152738.652:ERROR:process_reader_win.cc(242)] ReadMemory at 0x75c60000 of 64 bytes failed: Only part of a ReadProcessMemory or WriteProcessMemory request was completed. (0x12B)
[0608/152738.652:WARNING:pe_image_reader.cc(302)] could not read dos header from C:\windows\System32\KERNELBASE.dll
[0608/152738.652:ERROR:process_reader_win.cc(242)] ReadMemory at 0x70ce0000 of 64 bytes failed: Only part of a ReadProcessMemory or WriteProcessMemory request was completed. (0x12B)
[0608/152738.652:WARNING:pe_image_reader.cc(302)] could not read dos header from C:\windows\SYSTEM32\apphelp.dll
[0608/152738.652:ERROR:process_reader_win.cc(242)] ReadMemory at 0x54150000 of 64 bytes failed: Only part of a ReadProcessMemory or WriteProcessMemory request was completed. (0x12B)
[0608/152738.652:WARNING:pe_image_reader.cc(302)] could not read dos header from C:\windows\AppPatch\AcGenral.dll
[0608/152738.652:ERROR:process_reader_win.cc(242)] ReadMemory at 0x75450000 of 64 bytes failed: Only part of a ReadProcessMemory or WriteProcessMemory request was completed. (0x12B)
[0608/152738.652:WARNING:pe_image_reader.cc(302)] could not read dos header from C:\windows\System32\msvcrt.dll
[0608/152738.652:ERROR:process_reader_win.cc(242)] ReadMemory at 0x75a60000 of 64 bytes failed: Only part of a ReadProcessMemory or WriteProcessMemory request was completed. (0x12B)
[0608/152738.652:WARNING:pe_image_reader.cc(302)] could not read dos header from C:\windows\System32\sechost.dll
[0608/152738.652:ERROR:process_reader_win.cc(242)] ReadMemory at 0x76300000 of 64 bytes failed: Only part of a ReadProcessMemory or WriteProcessMemory request was completed. (0x12B)
[0608/152738.652:WARNING:pe_image_reader.cc(302)] could not read dos header from C:\windows\System32\RPCRT4.dll
[0608/152738.652:ERROR:process_reader_win.cc(242)] ReadMemory at 0x73db0000 of 64 bytes failed: Only part of a ReadProcessMemory or WriteProcessMemory request was completed. (0x12B)
[0608/152738.652:WARNING:pe_image_reader.cc(302)] could not read dos header from C:\windows\System32\SspiCli.dll
[0608/152738.652:ERROR:process_reader_win.cc(242)] ReadMemory at 0x73da0000 of 64 bytes failed: Only part of a ReadProcessMemory or WriteProcessMemory request was completed. (0x12B)
[0608/152738.652:WARNING:pe_image_reader.cc(302)] could not read dos header from C:\windows\System32\CRYPTBASE.dll
[0608/152738.652:ERROR:process_reader_win.cc(242)] ReadMemory at 0x75fd0000 of 64 bytes failed: Only part of a ReadProcessMemory or WriteProcessMemory request was completed. (0x12B)
[0608/152738.652:WARNING:pe_image_reader.cc(302)] could not read dos header from C:\windows\System32\bcryptPrimitives.dll
[0608/152738.652:ERROR:process_reader_win.cc(242)] ReadMemory at 0x76090000 of 64 bytes failed: Only part of a ReadProcessMemory or WriteProcessMemory request was completed. (0x12B)
[0608/152738.652:WARNING:pe_image_reader.cc(302)] could not read dos header from C:\windows\System32\SHLWAPI.dll
[0608/152738.652:ERROR:process_reader_win.cc(242)] ReadMemory at 0x76bf0000 of 64 bytes failed: Only part of a ReadProcessMemory or WriteProcessMemory request was completed. (0x12B)
[0608/152738.652:WARNING:pe_image_reader.cc(302)] could not read dos header from C:\windows\System32\combase.dll
[0608/152738.652:ERROR:process_reader_win.cc(242)] ReadMemory at 0x755a0000 of 64 bytes failed: Only part of a ReadProcessMemory or WriteProcessMemory request was completed. (0x12B)
[0608/152738.652:WARNING:pe_image_reader.cc(302)] could not read dos header from C:\windows\System32\ucrtbase.dll
[0608/152738.653:ERROR:process_reader_win.cc(242)] ReadMemory at 0x73ff0000 of 64 bytes failed: Only part of a ReadProcessMemory or WriteProcessMemory request was completed. (0x12B)
[0608/152738.653:WARNING:pe_image_reader.cc(302)] could not read dos header from C:\windows\System32\GDI32.dll
[0608/152738.653:ERROR:process_reader_win.cc(242)] ReadMemory at 0x75830000 of 64 bytes failed: Only part of a ReadProcessMemory or WriteProcessMemory request was completed. (0x12B)
[0608/152738.653:WARNING:pe_image_reader.cc(302)] could not read dos header from C:\windows\System32\gdi32full.dll
[0608/152738.653:ERROR:process_reader_win.cc(242)] ReadMemory at 0x760e0000 of 64 bytes failed: Only part of a ReadProcessMemory or WriteProcessMemory request was completed. (0x12B)
[0608/152738.653:WARNING:pe_image_reader.cc(302)] could not read dos header from C:\windows\System32\msvcp_win.dll
[0608/152738.653:ERROR:process_reader_win.cc(242)] ReadMemory at 0x73ea0000 of 64 bytes failed: Only part of a ReadProcessMemory or WriteProcessMemory request was completed. (0x12B)
[0608/152738.653:WARNING:pe_image_reader.cc(302)] could not read dos header from C:\windows\System32\USER32.dll
[0608/152738.653:ERROR:process_reader_win.cc(242)] ReadMemory at 0x76160000 of 64 bytes failed: Only part of a ReadProcessMemory or WriteProcessMemory request was completed. (0x12B)
[0608/152738.653:WARNING:pe_image_reader.cc(302)] could not read dos header from C:\windows\System32\win32u.dll
[0608/152738.653:ERROR:process_reader_win.cc(242)] ReadMemory at 0x76180000 of 64 bytes failed: Only part of a ReadProcessMemory or WriteProcessMemory request was completed. (0x12B)
[0608/152738.653:WARNING:pe_image_reader.cc(302)] could not read dos header from C:\windows\System32\ole32.dll
[0608/152738.653:ERROR:process_reader_win.cc(242)] ReadMemory at 0x75b40000 of 64 bytes failed: Only part of a ReadProcessMemory or WriteProcessMemory request was completed. (0x12B)
[0608/152738.653:WARNING:pe_image_reader.cc(302)] could not read dos header from C:\windows\System32\OLEAUT32.dll
[0608/152738.653:ERROR:process_reader_win.cc(242)] ReadMemory at 0x740b0000 of 64 bytes failed: Only part of a ReadProcessMemory or WriteProcessMemory request was completed. (0x12B)
[0608/152738.653:WARNING:pe_image_reader.cc(302)] could not read dos header from C:\windows\System32\SHELL32.dll
[0608/152738.653:ERROR:process_reader_win.cc(242)] ReadMemory at 0x73e60000 of 64 bytes failed: Only part of a ReadProcessMemory or WriteProcessMemory request was completed. (0x12B)
[0608/152738.653:WARNING:pe_image_reader.cc(302)] could not read dos header from C:\windows\System32\cfgmgr32.dll
[0608/152738.653:ERROR:process_reader_win.cc(242)] ReadMemory at 0x73dd0000 of 64 bytes failed: Only part of a ReadProcessMemory or WriteProcessMemory request was completed. (0x12B)
[0608/152738.653:WARNING:pe_image_reader.cc(302)] could not read dos header from C:\windows\System32\shcore.dll
[0608/152738.653:ERROR:process_reader_win.cc(242)] ReadMemory at 0x76660000 of 64 bytes failed: Only part of a ReadProcessMemory or WriteProcessMemory request was completed. (0x12B)
[0608/152738.653:WARNING:pe_image_reader.cc(302)] could not read dos header from C:\windows\System32\windows.storage.dll
[0608/152738.653:ERROR:process_reader_win.cc(242)] ReadMemory at 0x75be0000 of 64 bytes failed: Only part of a ReadProcessMemory or WriteProcessMemory request was completed. (0x12B)
[0608/152738.653:WARNING:pe_image_reader.cc(302)] could not read dos header from C:\windows\System32\advapi32.dll
[0608/152738.653:ERROR:process_reader_win.cc(242)] ReadMemory at 0x76e30000 of 64 bytes failed: Only part of a ReadProcessMemory or WriteProcessMemory request was completed. (0x12B)
[0608/152738.653:WARNING:pe_image_reader.cc(302)] could not read dos header from C:\windows\System32\kernel.appcore.dll
[0608/152738.653:ERROR:process_reader_win.cc(242)] ReadMemory at 0x77290000 of 64 bytes failed: Only part of a ReadProcessMemory or WriteProcessMemory request was completed. (0x12B)
[0608/152738.653:WARNING:pe_image_reader.cc(302)] could not read dos header from C:\windows\System32\powrprof.dll
[0608/152738.653:ERROR:process_reader_win.cc(242)] ReadMemory at 0x762f0000 of 64 bytes failed: Only part of a ReadProcessMemory or WriteProcessMemory request was completed. (0x12B)
[0608/152738.653:WARNING:pe_image_reader.cc(302)] could not read dos header from C:\windows\System32\profapi.dll
[0608/152738.653:ERROR:process_reader_win.cc(242)] ReadMemory at 0x6f000000 of 64 bytes failed: Only part of a ReadProcessMemory or WriteProcessMemory request was completed. (0x12B)
[0608/152738.653:WARNING:pe_image_reader.cc(302)] could not read dos header from C:\windows\SYSTEM32\UxTheme.dll
[0608/152738.653:ERROR:process_reader_win.cc(242)] ReadMemory at 0x736b0000 of 64 bytes failed: Only part of a ReadProcessMemory or WriteProcessMemory request was completed. (0x12B)
[0608/152738.653:WARNING:pe_image_reader.cc(302)] could not read dos header from C:\windows\SYSTEM32\WINMM.dll
[0608/152738.653:ERROR:process_reader_win.cc(242)] ReadMemory at 0x6d160000 of 64 bytes failed: Only part of a ReadProcessMemory or WriteProcessMemory request was completed. (0x12B)
[0608/152738.653:WARNING:pe_image_reader.cc(302)] could not read dos header from C:\windows\SYSTEM32\samcli.dll
[0608/152738.653:ERROR:process_reader_win.cc(242)] ReadMemory at 0x54930000 of 64 bytes failed: Only part of a ReadProcessMemory or WriteProcessMemory request was completed. (0x12B)
[0608/152738.653:WARNING:pe_image_reader.cc(302)] could not read dos header from C:\windows\SYSTEM32\MSACM32.dll
[0608/152738.653:ERROR:process_reader_win.cc(242)] ReadMemory at 0x73c70000 of 64 bytes failed: Only part of a ReadProcessMemory or WriteProcessMemory request was completed. (0x12B)
[0608/152738.653:WARNING:pe_image_reader.cc(302)] could not read dos header from C:\windows\SYSTEM32\VERSION.dll
[0608/152738.653:ERROR:process_reader_win.cc(242)] ReadMemory at 0x739f0000 of 64 bytes failed: Only part of a ReadProcessMemory or WriteProcessMemory request was completed. (0x12B)
[0608/152738.653:WARNING:pe_image_reader.cc(302)] could not read dos header from C:\windows\SYSTEM32\USERENV.dll
[0608/152738.653:ERROR:process_reader_win.cc(242)] ReadMemory at 0x70a90000 of 64 bytes failed: Only part of a ReadProcessMemory or WriteProcessMemory request was completed. (0x12B)
[0608/152738.653:WARNING:pe_image_reader.cc(302)] could not read dos header from C:\windows\SYSTEM32\dwmapi.dll
[0608/152738.653:ERROR:process_reader_win.cc(242)] ReadMemory at 0x71ba0000 of 64 bytes failed: Only part of a ReadProcessMemory or WriteProcessMemory request was completed. (0x12B)
[0608/152738.653:WARNING:pe_image_reader.cc(302)] could not read dos header from C:\windows\SYSTEM32\urlmon.dll
[0608/152738.653:ERROR:process_reader_win.cc(242)] ReadMemory at 0x70630000 of 64 bytes failed: Only part of a ReadProcessMemory or WriteProcessMemory request was completed. (0x12B)
[0608/152738.653:WARNING:pe_image_reader.cc(302)] could not read dos header from C:\windows\SYSTEM32\WINSPOOL.DRV
[0608/152738.653:ERROR:process_reader_win.cc(242)] ReadMemory at 0x70ac0000 of 64 bytes failed: Only part of a ReadProcessMemory or WriteProcessMemory request was completed. (0x12B)
[0608/152738.653:WARNING:pe_image_reader.cc(302)] could not read dos header from C:\windows\SYSTEM32\MPR.dll
[0608/152738.653:ERROR:process_reader_win.cc(242)] ReadMemory at 0x72ff0000 of 64 bytes failed: Only part of a ReadProcessMemory or WriteProcessMemory request was completed. (0x12B)
[0608/152738.654:WARNING:pe_image_reader.cc(302)] could not read dos header from C:\windows\SYSTEM32\WINMMBASE.dll
[0608/152738.654:ERROR:process_reader_win.cc(242)] ReadMemory at 0x71980000 of 64 bytes failed: Only part of a ReadProcessMemory or WriteProcessMemory request was completed. (0x12B)
[0608/152738.654:WARNING:pe_image_reader.cc(302)] could not read dos header from C:\windows\SYSTEM32\iertutil.dll
[0608/152738.654:ERROR:process_reader_win.cc(242)] ReadMemory at 0x73ad0000 of 64 bytes failed: Only part of a ReadProcessMemory or WriteProcessMemory request was completed. (0x12B)
[0608/152738.654:WARNING:pe_image_reader.cc(302)] could not read dos header from C:\windows\SYSTEM32\bcrypt.dll
[0608/152738.654:ERROR:process_reader_win.cc(242)] ReadMemory at 0x76e40000 of 64 bytes failed: Only part of a ReadProcessMemory or WriteProcessMemory request was completed. (0x12B)
[0608/152738.654:WARNING:pe_image_reader.cc(302)] could not read dos header from C:\windows\System32\IMM32.DLL
[0608/152738.654:ERROR:process_reader_win.cc(242)] ReadMemory at 0x73d20000 of 64 bytes failed: Only part of a ReadProcessMemory or WriteProcessMemory request was completed. (0x12B)
[0608/152738.654:WARNING:pe_image_reader.cc(302)] could not read dos header from C:\windows\System32\SYSFER.DLL
[0608/152738.654:ERROR:process_reader_win.cc(242)] ReadMemory at 0x75fc0000 of 64 bytes failed: Only part of a ReadProcessMemory or WriteProcessMemory request was completed. (0x12B)
[0608/152738.654:WARNING:pe_image_reader.cc(302)] could not read dos header from C:\windows\System32\PSAPI.DLL
[0608/152738.654:ERROR:process_reader_win.cc(242)] ReadMemory at 0x594b0000 of 64 bytes failed: Only part of a ReadProcessMemory or WriteProcessMemory request was completed. (0x12B)
[0608/152738.654:WARNING:pe_image_reader.cc(302)] could not read dos header from C:\Users\sylvain.tropee\eclipse-workspace\NRT_Starter_Pack\resources\GoogleChromePortable\App\Chrome-bin\66.0.3359.181\chrome_elf.dll
[0608/152738.654:ERROR:process_reader_win.cc(242)] ReadMemory at 0x720a0000 of 64 bytes failed: Only part of a ReadProcessMemory or WriteProcessMemory request was completed. (0x12B)
[0608/152738.654:WARNING:pe_image_reader.cc(302)] could not read dos header from C:\windows\SYSTEM32\WINHTTP.dll
[0608/152738.654:ERROR:process_reader_win.cc(242)] ReadMemory at 0x54100000 of 64 bytes failed: Only part of a ReadProcessMemory or WriteProcessMemory request was completed. (0x12B)
[0608/152738.654:WARNING:pe_image_reader.cc(302)] could not read dos header from C:\windows\SYSTEM32\ninput.dll
[0608/152738.654:ERROR:process_reader_win.cc(242)] ReadMemory at 0x73b40000 of 64 bytes failed: Only part of a ReadProcessMemory or WriteProcessMemory request was completed. (0x12B)
[0608/152738.654:WARNING:pe_image_reader.cc(302)] could not read dos header from C:\Program Files (x86)\Avecto\Privilege Guard Client\PGHook.dll
[0608/152738.654:ERROR:process_reader_win.cc(242)] ReadMemory at 0x73b20000 of 64 bytes failed: Only part of a ReadProcessMemory or WriteProcessMemory request was completed. (0x12B)
[0608/152738.654:WARNING:pe_image_reader.cc(302)] could not read dos header from C:\windows\SYSTEM32\CRYPTSP.dll
[0608/152738.654:ERROR:process_reader_win.cc(242)] ReadMemory at 0x73af0000 of 64 bytes failed: Only part of a ReadProcessMemory or WriteProcessMemory request was completed. (0x12B)
[0608/152738.654:WARNING:pe_image_reader.cc(302)] could not read dos header from C:\windows\system32\rsaenh.dll
[0608/152738.654:ERROR:process_reader_win.cc(242)] ReadMemory at 0xf5f0000 of 64 bytes failed: Only part of a ReadProcessMemory or WriteProcessMemory request was completed. (0x12B)
[0608/152738.654:WARNING:pe_image_reader.cc(302)] could not read dos header from C:\Users\sylvain.tropee\eclipse-workspace\NRT_Starter_Pack\resources\GoogleChromePortable\App\Chrome-bin\66.0.3359.181\chrome_child.dll
[0608/152738.654:ERROR:process_reader_win.cc(242)] ReadMemory at 0x763c0000 of 64 bytes failed: Only part of a ReadProcessMemory or WriteProcessMemory request was completed. (0x12B)
[0608/152738.654:WARNING:pe_image_reader.cc(302)] could not read dos header from C:\windows\System32\COMDLG32.dll
[0608/152738.654:ERROR:process_reader_win.cc(242)] ReadMemory at 0x76280000 of 64 bytes failed: Only part of a ReadProcessMemory or WriteProcessMemory request was completed. (0x12B)
[0608/152738.654:WARNING:pe_image_reader.cc(302)] could not read dos header from C:\windows\System32\WS2_32.dll
[0608/152738.654:ERROR:process_reader_win.cc(242)] ReadMemory at 0x75400000 of 64 bytes failed: Only part of a ReadProcessMemory or WriteProcessMemory request was completed. (0x12B)
[0608/152738.654:WARNING:pe_image_reader.cc(302)] could not read dos header from C:\windows\System32\WINTRUST.dll
[0608/152738.654:ERROR:process_reader_win.cc(242)] ReadMemory at 0x75b10000 of 64 bytes failed: Only part of a ReadProcessMemory or WriteProcessMemory request was completed. (0x12B)
[0608/152738.654:WARNING:pe_image_reader.cc(302)] could not read dos header from C:\windows\System32\MSASN1.dll
[0608/152738.654:ERROR:process_reader_win.cc(242)] ReadMemory at 0x75e30000 of 64 bytes failed: Only part of a ReadProcessMemory or WriteProcessMemory request was completed. (0x12B)
[0608/152738.654:WARNING:pe_image_reader.cc(302)] could not read dos header from C:\windows\System32\CRYPT32.dll
[0608/152738.654:ERROR:process_reader_win.cc(242)] ReadMemory at 0x70010000 of 64 bytes failed: Only part of a ReadProcessMemory or WriteProcessMemory request was completed. (0x12B)
[0608/152738.654:WARNING:pe_image_reader.cc(302)] could not read dos header from C:\windows\WinSxS\x86_microsoft.windows.common-controls_6595b64144ccf1df_6.0.15063.1058_none_887484c43e23e7c3\COMCTL32.dll
[0608/152738.654:ERROR:process_reader_win.cc(242)] ReadMemory at 0x73c60000 of 64 bytes failed: Only part of a ReadProcessMemory or WriteProcessMemory request was completed. (0x12B)
[0608/152738.654:WARNING:pe_image_reader.cc(302)] could not read dos header from C:\windows\SYSTEM32\Secur32.dll
[0608/152738.654:ERROR:process_reader_win.cc(242)] ReadMemory at 0x71f40000 of 64 bytes failed: Only part of a ReadProcessMemory or WriteProcessMemory request was completed. (0x12B)
[0608/152738.654:WARNING:pe_image_reader.cc(302)] could not read dos header from C:\windows\SYSTEM32\dbghelp.dll
[0608/152738.654:ERROR:process_reader_win.cc(242)] ReadMemory at 0x5f190000 of 64 bytes failed: Only part of a ReadProcessMemory or WriteProcessMemory request was completed. (0x12B)
[0608/152738.654:WARNING:pe_image_reader.cc(302)] could not read dos header from C:\windows\SYSTEM32\USP10.dll
[0608/152738.654:ERROR:process_reader_win.cc(242)] ReadMemory at 0x73900000 of 64 bytes failed: Only part of a ReadProcessMemory or WriteProcessMemory request was completed. (0x12B)
[0608/152738.654:WARNING:pe_image_reader.cc(302)] could not read dos header from C:\windows\SYSTEM32\IPHLPAPI.DLL
[0608/152738.654:ERROR:process_reader_win.cc(242)] ReadMemory at 0x67320000 of 64 bytes failed: Only part of a ReadProcessMemory or WriteProcessMemory request was completed. (0x12B)
[0608/152738.654:WARNING:pe_image_reader.cc(302)] could not read dos header from C:\windows\SYSTEM32\DWrite.dll
[0608/152738.654:ERROR:process_reader_win.cc(242)] ReadMemory at 0x665a0000 of 64 bytes failed: Only part of a ReadProcessMemory or WriteProcessMemory request was completed. (0x12B)
[0608/152738.654:WARNING:pe_image_reader.cc(302)] could not read dos header from C:\windows\SYSTEM32\dxgi.dll
[0608/152738.654:ERROR:process_reader_win.cc(242)] ReadMemory at 0x736e0000 of 64 bytes failed: Only part of a ReadProcessMemory or WriteProcessMemory request was completed. (0x12B)
[0608/152738.655:WARNING:pe_image_reader.cc(302)] could not read dos header from C:\windows\SYSTEM32\dhcpcsvc.DLL
[0608/152738.655:ERROR:process_reader_win.cc(242)] ReadMemory at 0x75fb0000 of 64 bytes failed: Only part of a ReadProcessMemory or WriteProcessMemory request was completed. (0x12B)
[0608/152738.655:WARNING:pe_image_reader.cc(302)] could not read dos header from C:\windows\System32\NSI.dll
[0608/152738.671:ERROR:process_reader_win.cc(242)] ReadMemory at 0x8a4000 of 114688 bytes failed: Only part of a ReadProcessMemory or WriteProcessMemory request was completed. (0x12B)
[0608/152738.671:ERROR:crash_report_exception_handler.cc(116)] WriteEverything failed
[0608/152738.673:ERROR:scoped_process_suspend.cc(40)] NtResumeProcess: An attempt was made to access an exiting process. (0xc000010a)
