[15280:14568:0530/145826.211:WARNING:discovery_network_list_win.cc(195)] Failed to open Wlan client handle: 1062
[15280:7400:0530/145829.724:INFO:CONSOLE(0)] "The SSL certificate used to load resources from https://c.salesforce.com will be distrusted in M70. Once distrusted, users will be prevented from loading these resources. See https://g.co/chrome/symantecpkicerts for more information.", source: https://curious-goat-340090-dev-ed.my.salesforce.com/s.gif (0)
[15280:7400:0530/145829.729:INFO:CONSOLE(0)] "The SSL certificate used to load resources from https://c.salesforce.com will be distrusted in M70. Once distrusted, users will be prevented from loading these resources. See https://g.co/chrome/symantecpkicerts for more information.", source: https://c.salesforce.com/login-messages/promos.html (0)
[15280:7400:0530/145832.534:INFO:CONSOLE(0)] "The SSL certificate used to load resources from https://success.salesforce.com will be distrusted in M70. Once distrusted, users will be prevented from loading these resources. See https://g.co/chrome/symantecpkicerts for more information.", source: https://curious-goat-340090-dev-ed.my.salesforce.com/setup/forcecomHomepage.apexp?setupid=ForceCom (0)
[15280:7400:0530/145832.535:INFO:CONSOLE(0)] "The SSL certificate used to load resources from https://appexchange.salesforce.com will be distrusted in M70. Once distrusted, users will be prevented from loading these resources. See https://g.co/chrome/symantecpkicerts for more information.", source: https://curious-goat-340090-dev-ed.my.salesforce.com/setup/forcecomHomepage.apexp?setupid=ForceCom (0)
[15280:7400:0530/145832.554:INFO:CONSOLE(0)] "The SSL certificate used to load resources from https://success.salesforce.com will be distrusted in M70. Once distrusted, users will be prevented from loading these resources. See https://g.co/chrome/symantecpkicerts for more information.", source: https://success.salesforce.com/communitySetupModule (0)
[15280:7400:0530/145832.557:INFO:CONSOLE(0)] "The SSL certificate used to load resources from https://appexchange.salesforce.com will be distrusted in M70. Once distrusted, users will be prevented from loading these resources. See https://g.co/chrome/symantecpkicerts for more information.", source: https://appexchange.salesforce.com/setupModule (0)
[15280:7400:0530/145832.919:INFO:CONSOLE(0)] "The SSL certificate used to load resources from https://secure.eloqua.com will be distrusted in M70. Once distrusted, users will be prevented from loading these resources. See https://g.co/chrome/symantecpkicerts for more information.", source: https://appexchange.salesforce.com/setupModule (0)
[15280:7400:0530/145833.808:INFO:CONSOLE(0)] "[DOM] Input elements should have autocomplete attributes (suggested: autocomplete='tel', confirm at https://goo.gl/6KgkJg) %o", source: https://curious-goat-340090-dev-ed.my.salesforce.com/001/e?retURL=%2F001%2Fo (0)
[15280:7400:0530/145833.808:INFO:CONSOLE(0)] "[DOM] Input elements should have autocomplete attributes (suggested: autocomplete='street-address', confirm at https://goo.gl/6KgkJg) %o", source: https://curious-goat-340090-dev-ed.my.salesforce.com/001/e?retURL=%2F001%2Fo (0)
[15280:7400:0530/145833.808:INFO:CONSOLE(0)] "[DOM] Input elements should have autocomplete attributes (suggested: autocomplete='street-address', confirm at https://goo.gl/6KgkJg) %o", source: https://curious-goat-340090-dev-ed.my.salesforce.com/001/e?retURL=%2F001%2Fo (0)
[15280:7400:0530/145833.808:INFO:CONSOLE(0)] "[DOM] Input elements should have autocomplete attributes (suggested: autocomplete='postal-code', confirm at https://goo.gl/6KgkJg) %o", source: https://curious-goat-340090-dev-ed.my.salesforce.com/001/e?retURL=%2F001%2Fo (0)
[15280:7400:0530/145833.808:INFO:CONSOLE(0)] "[DOM] Input elements should have autocomplete attributes (suggested: autocomplete='address-level2', confirm at https://goo.gl/6KgkJg) %o", source: https://curious-goat-340090-dev-ed.my.salesforce.com/001/e?retURL=%2F001%2Fo (0)
[15280:7400:0530/145833.808:INFO:CONSOLE(0)] "[DOM] Input elements should have autocomplete attributes (suggested: autocomplete='address-level2', confirm at https://goo.gl/6KgkJg) %o", source: https://curious-goat-340090-dev-ed.my.salesforce.com/001/e?retURL=%2F001%2Fo (0)
[15280:7400:0530/145833.808:INFO:CONSOLE(0)] "[DOM] Input elements should have autocomplete attributes (suggested: autocomplete='address-level1', confirm at https://goo.gl/6KgkJg) %o", source: https://curious-goat-340090-dev-ed.my.salesforce.com/001/e?retURL=%2F001%2Fo (0)
[15280:7400:0530/145833.809:INFO:CONSOLE(0)] "[DOM] Input elements should have autocomplete attributes (suggested: autocomplete='country-name', confirm at https://goo.gl/6KgkJg) %o", source: https://curious-goat-340090-dev-ed.my.salesforce.com/001/e?retURL=%2F001%2Fo (0)
[15280:7400:0530/145833.828:INFO:CONSOLE(0)] "[DOM] Input elements should have autocomplete attributes (suggested: autocomplete='tel', confirm at https://goo.gl/6KgkJg) %o", source: https://curious-goat-340090-dev-ed.my.salesforce.com/001/e?retURL=%2F001%2Fo (0)
[15280:7400:0530/145833.828:INFO:CONSOLE(0)] "[DOM] Input elements should have autocomplete attributes (suggested: autocomplete='street-address', confirm at https://goo.gl/6KgkJg) %o", source: https://curious-goat-340090-dev-ed.my.salesforce.com/001/e?retURL=%2F001%2Fo (0)
[15280:7400:0530/145833.828:INFO:CONSOLE(0)] "[DOM] Input elements should have autocomplete attributes (suggested: autocomplete='street-address', confirm at https://goo.gl/6KgkJg) %o", source: https://curious-goat-340090-dev-ed.my.salesforce.com/001/e?retURL=%2F001%2Fo (0)
[15280:7400:0530/145833.828:INFO:CONSOLE(0)] "[DOM] Input elements should have autocomplete attributes (suggested: autocomplete='postal-code', confirm at https://goo.gl/6KgkJg) %o", source: https://curious-goat-340090-dev-ed.my.salesforce.com/001/e?retURL=%2F001%2Fo (0)
[15280:7400:0530/145833.829:INFO:CONSOLE(0)] "[DOM] Input elements should have autocomplete attributes (suggested: autocomplete='postal-code', confirm at https://goo.gl/6KgkJg) %o", source: https://curious-goat-340090-dev-ed.my.salesforce.com/001/e?retURL=%2F001%2Fo (0)
[15280:7400:0530/145833.829:INFO:CONSOLE(0)] "[DOM] Input elements should have autocomplete attributes (suggested: autocomplete='address-level2', confirm at https://goo.gl/6KgkJg) %o", source: https://curious-goat-340090-dev-ed.my.salesforce.com/001/e?retURL=%2F001%2Fo (0)
[15280:7400:0530/145833.829:INFO:CONSOLE(0)] "[DOM] Input elements should have autocomplete attributes (suggested: autocomplete='address-level2', confirm at https://goo.gl/6KgkJg) %o", source: https://curious-goat-340090-dev-ed.my.salesforce.com/001/e?retURL=%2F001%2Fo (0)
[15280:7400:0530/145833.829:INFO:CONSOLE(0)] "[DOM] Input elements should have autocomplete attributes (suggested: autocomplete='address-level1', confirm at https://goo.gl/6KgkJg) %o", source: https://curious-goat-340090-dev-ed.my.salesforce.com/001/e?retURL=%2F001%2Fo (0)
[15280:7400:0530/145833.829:INFO:CONSOLE(0)] "[DOM] Input elements should have autocomplete attributes (suggested: autocomplete='address-level1', confirm at https://goo.gl/6KgkJg) %o", source: https://curious-goat-340090-dev-ed.my.salesforce.com/001/e?retURL=%2F001%2Fo (0)
[15280:7400:0530/145833.829:INFO:CONSOLE(0)] "[DOM] Input elements should have autocomplete attributes (suggested: autocomplete='country-name', confirm at https://goo.gl/6KgkJg) %o", source: https://curious-goat-340090-dev-ed.my.salesforce.com/001/e?retURL=%2F001%2Fo (0)
[15280:7400:0530/145833.830:INFO:CONSOLE(0)] "[DOM] Input elements should have autocomplete attributes (suggested: autocomplete='country-name', confirm at https://goo.gl/6KgkJg) %o", source: https://curious-goat-340090-dev-ed.my.salesforce.com/001/e?retURL=%2F001%2Fo (0)
